May,06,2021 03:09:13 PM
{"diameterAtHeight13_from":"","diameterAtHeight13_to":"","heig_from":"","heig_to":"","currentAge_from":"","currentAge_to":"","landingAge_from":"","landingAge_to":"","landingDate_from":"","landingDate_to":"","specieId":[],"plantingType":[],"treeOrShrubLifeStatusCategoryId":[],"lifeFormId":[],"recommend":[],"mainObjectId":[],"siteNumber":[],"districtsId":[]}

May,06,2021 03:09:13 PM
select * from "treesandshrubsalldata" where "treesAndShrubsId" in (select "treesAndShrubsId" from "treesAndShrubs" where 1 = 1 ) ORDER BY "mainObjectId", "siteNumber", "plantNumber";

May,06,2021 03:10:38 PM
{"diameterAtHeight13_from":"","diameterAtHeight13_to":"","heig_from":"","heig_to":"","currentAge_from":"","currentAge_to":"","landingAge_from":"","landingAge_to":"","landingDate_from":"","landingDate_to":"","specieId":[],"plantingType":[],"treeOrShrubLifeStatusCategoryId":[],"lifeFormId":[],"recommend":[],"mainObjectId":[],"siteNumber":[],"districtsId":[]}

May,06,2021 03:10:38 PM
select * from "treesandshrubsalldata" where "treesAndShrubsId" in (select "treesAndShrubsId" from "treesAndShrubs" where 1 = 1 ) ORDER BY "mainObjectId", "siteNumber", "plantNumber";

May,06,2021 03:25:24 PM
{"diameterAtHeight13_from":"","diameterAtHeight13_to":"","heig_from":"","heig_to":"","currentAge_from":"","currentAge_to":"","landingAge_from":"","landingAge_to":"","landingDate_from":"","landingDate_to":"","specieId":[],"plantingType":[],"treeOrShrubLifeStatusCategoryId":[],"lifeFormId":[],"recommend":[],"mainObjectId":[],"siteNumber":[],"districtsId":[]}

May,06,2021 03:25:24 PM
select * from "treesandshrubsalldata" where "treesAndShrubsId" in (select "treesAndShrubsId" from "treesAndShrubs" where 1 = 1 ) ORDER BY "mainObjectId", "siteNumber", "plantNumber";

May,06,2021 03:25:28 PM
{"diameterAtHeight13_from":"","diameterAtHeight13_to":"","heig_from":"","heig_to":"","currentAge_from":"","currentAge_to":"","landingAge_from":"","landingAge_to":"","landingDate_from":"","landingDate_to":"","specieId":[],"plantingType":[],"treeOrShrubLifeStatusCategoryId":[],"lifeFormId":[],"recommend":[],"mainObjectId":[],"siteNumber":[],"districtsId":[]}

May,06,2021 03:25:28 PM
select * from "treesandshrubsalldata" where "treesAndShrubsId" in (select "treesAndShrubsId" from "treesAndShrubs" where 1 = 1 ) ORDER BY "mainObjectId", "siteNumber", "plantNumber";

May,06,2021 03:26:58 PM
{"diameterAtHeight13_from":"","diameterAtHeight13_to":"","heig_from":"","heig_to":"","currentAge_from":"","currentAge_to":"","landingAge_from":"","landingAge_to":"","landingDate_from":"","landingDate_to":"","specieId":[],"plantingType":[],"treeOrShrubLifeStatusCategoryId":[],"lifeFormId":[],"recommend":[],"mainObjectId":[],"siteNumber":[],"districtsId":[]}

May,06,2021 03:26:58 PM
select * from "treesandshrubsalldata" where "treesAndShrubsId" in (select "treesAndShrubsId" from "treesAndShrubs" where 1 = 1 ) ORDER BY "mainObjectId", "siteNumber", "plantNumber";

May,06,2021 03:27:24 PM
{"diameterAtHeight13_from":"","diameterAtHeight13_to":"","heig_from":"","heig_to":"","currentAge_from":"","currentAge_to":"","landingAge_from":"","landingAge_to":"","landingDate_from":"","landingDate_to":"","specieId":[],"plantingType":[],"treeOrShrubLifeStatusCategoryId":[],"lifeFormId":[],"recommend":[],"mainObjectId":[],"siteNumber":[],"districtsId":[]}

May,06,2021 03:27:24 PM
select * from "treesandshrubsalldata" where "treesAndShrubsId" in (select "treesAndShrubsId" from "treesAndShrubs" where 1 = 1 ) ORDER BY "mainObjectId", "siteNumber", "plantNumber";

May,06,2021 03:28:07 PM
{"diameterAtHeight13_from":"","diameterAtHeight13_to":"","heig_from":"","heig_to":"","currentAge_from":"","currentAge_to":"","landingAge_from":"","landingAge_to":"","landingDate_from":"","landingDate_to":"","specieId":[],"plantingType":[],"treeOrShrubLifeStatusCategoryId":[],"lifeFormId":[],"recommend":[],"mainObjectId":[],"siteNumber":[],"districtsId":[]}

May,06,2021 03:28:07 PM
select * from "treesandshrubsalldata" where "treesAndShrubsId" in (select "treesAndShrubsId" from "treesAndShrubs" where 1 = 1 ) ORDER BY "mainObjectId", "siteNumber", "plantNumber";

May,06,2021 03:28:45 PM
{"diameterAtHeight13_from":"","diameterAtHeight13_to":"","heig_from":"","heig_to":"","currentAge_from":"","currentAge_to":"","landingAge_from":"","landingAge_to":"","landingDate_from":"","landingDate_to":"","specieId":[],"plantingType":[],"treeOrShrubLifeStatusCategoryId":[],"lifeFormId":[],"recommend":[],"mainObjectId":[],"siteNumber":[],"districtsId":[]}

May,06,2021 03:28:45 PM
select * from "treesandshrubsalldata" where "treesAndShrubsId" in (select "treesAndShrubsId" from "treesAndShrubs" where 1 = 1 ) ORDER BY "mainObjectId", "siteNumber", "plantNumber";

May,06,2021 03:31:54 PM
{"diameterAtHeight13_from":"","diameterAtHeight13_to":"","heig_from":"","heig_to":"","currentAge_from":"","currentAge_to":"","landingAge_from":"","landingAge_to":"","landingDate_from":"","landingDate_to":"","specieId":[],"plantingType":[],"treeOrShrubLifeStatusCategoryId":[],"lifeFormId":[],"recommend":[],"mainObjectId":[],"siteNumber":[],"districtsId":[]}

May,06,2021 03:31:54 PM
select * from "treesandshrubsalldata" where "treesAndShrubsId" in (select "treesAndShrubsId" from "treesAndShrubs" where 1 = 1 ) ORDER BY "mainObjectId", "siteNumber", "plantNumber";

May,06,2021 03:31:56 PM
{"diameterAtHeight13_from":"","diameterAtHeight13_to":"","heig_from":"","heig_to":"","currentAge_from":"","currentAge_to":"","landingAge_from":"","landingAge_to":"","landingDate_from":"","landingDate_to":"","specieId":[],"plantingType":[],"treeOrShrubLifeStatusCategoryId":[],"lifeFormId":[],"recommend":[],"mainObjectId":[],"siteNumber":[],"districtsId":[]}

May,06,2021 03:31:56 PM
select * from "treesandshrubsalldata" where "treesAndShrubsId" in (select "treesAndShrubsId" from "treesAndShrubs" where 1 = 1 ) ORDER BY "mainObjectId", "siteNumber", "plantNumber";

May,06,2021 04:01:18 PM
{"diameterAtHeight13_from":"","diameterAtHeight13_to":"","heig_from":"","heig_to":"","currentAge_from":"","currentAge_to":"","landingAge_from":"","landingAge_to":"","landingDate_from":"","landingDate_to":"","specieId":[],"plantingType":[],"treeOrShrubLifeStatusCategoryId":[],"lifeFormId":[],"recommend":[],"mainObjectId":[],"siteNumber":[],"districtsId":[]}

May,06,2021 04:01:18 PM
select * from "treesandshrubsalldata" where "treesAndShrubsId" in (select "treesAndShrubsId" from "treesAndShrubs" where 1 = 1 ) ORDER BY "mainObjectId", "siteNumber", "plantNumber";

May,06,2021 04:02:45 PM
{"diameterAtHeight13_from":"","diameterAtHeight13_to":"","heig_from":"","heig_to":"","currentAge_from":"","currentAge_to":"","landingAge_from":"","landingAge_to":"","landingDate_from":"","landingDate_to":"","specieId":[],"plantingType":[],"treeOrShrubLifeStatusCategoryId":[],"lifeFormId":[],"recommend":[],"mainObjectId":[],"siteNumber":[],"districtsId":[]}

May,06,2021 04:02:45 PM
select * from "treesandshrubsalldata" where "treesAndShrubsId" in (select "treesAndShrubsId" from "treesAndShrubs" where 1 = 1 ) ORDER BY "mainObjectId", "siteNumber", "plantNumber";

May,06,2021 04:03:21 PM
{"diameterAtHeight13_from":"","diameterAtHeight13_to":"","heig_from":"","heig_to":"","currentAge_from":"","currentAge_to":"","landingAge_from":"","landingAge_to":"","landingDate_from":"","landingDate_to":"","specieId":[],"plantingType":[],"treeOrShrubLifeStatusCategoryId":[],"lifeFormId":[],"recommend":[],"mainObjectId":[],"siteNumber":[],"districtsId":[]}

May,06,2021 04:03:21 PM
select * from "treesandshrubsalldata" where "treesAndShrubsId" in (select "treesAndShrubsId" from "treesAndShrubs" where 1 = 1 ) ORDER BY "mainObjectId", "siteNumber", "plantNumber";

May,06,2021 04:04:29 PM
{"diameterAtHeight13_from":"","diameterAtHeight13_to":"","heig_from":"","heig_to":"","currentAge_from":"","currentAge_to":"","landingAge_from":"","landingAge_to":"","landingDate_from":"","landingDate_to":"","specieId":[],"plantingType":[],"treeOrShrubLifeStatusCategoryId":[],"lifeFormId":[],"recommend":[],"mainObjectId":[],"siteNumber":[],"districtsId":[]}

May,06,2021 04:04:29 PM
select * from "treesandshrubsalldata" where "treesAndShrubsId" in (select "treesAndShrubsId" from "treesAndShrubs" where 1 = 1 ) ORDER BY "mainObjectId", "siteNumber", "plantNumber";

May,06,2021 05:06:29 PM
{"diameterAtHeight13_from":"","diameterAtHeight13_to":"","heig_from":"","heig_to":"","currentAge_from":"","currentAge_to":"","landingAge_from":"","landingAge_to":"","landingDate_from":"","landingDate_to":"","specieId":["33","4","70","71","72","73","34","9","35","11","74","75","76","77","78","79","118","81","80","10","14","1","36","19","15","82","83","37","85","84","86","39","38","21","22","23","119","87","40","43","41","42","17","88","89","90","2","44","3","45","18","120","91","8","46","47","48","49","92","93","16","51","50","13","26","25","95","94","96","97","27","69","68","54","52","53","20","28","29","24","98","55","99","100","56","57","101","102","103","104","105","31","30","110","109","107","12","108","106","111","112","113","5","60","58","7","59","32","114","115","62","63","61","116","117","64","65","66","67"],"plantingType":["3","4","1","2"],"treeOrShrubLifeStatusCategoryId":["6","5","4","2","3","1"],"lifeFormId":["1","2"],"recommend":["10","3","1","11","4","2","12"],"mainObjectId":[],"siteNumber":["1","2","3","4","5","6","7","8","9","10","11","12","13","14","15","16","17","18","19","20","21","22","23","24","25"],"districtsId":["1","2","6","3","5","4"]}

May,06,2021 05:06:29 PM
select * from "treesandshrubsalldata" where "treesAndShrubsId" in (select "treesAndShrubsId" from "treesAndShrubs" where 1 = 1 and "specieId" in ('33','4','70','71','72','73','34','9','35','11','74','75','76','77','78','79','118','81','80','10','14','1','36','19','15','82','83','37','85','84','86','39','38','21','22','23','119','87','40','43','41','42','17','88','89','90','2','44','3','45','18','120','91','8','46','47','48','49','92','93','16','51','50','13','26','25','95','94','96','97','27','69','68','54','52','53','20','28','29','24','98','55','99','100','56','57','101','102','103','104','105','31','30','110','109','107','12','108','106','111','112','113','5','60','58','7','59','32','114','115','62','63','61','116','117','64','65','66','67') and "recommendationId" in ('10','3','1','11','4','2','12') and "siteNumber" in ('1','2','3','4','5','6','7','8','9','10','11','12','13','14','15','16','17','18','19','20','21','22','23','24','25') and "plantingType" in ('3','4','1','2') and "treeOrShrubLifeStatusCategoryId" in ('6','5','4','2','3','1') and "lifeFormId" in ('1','2') ) ORDER BY "mainObjectId", "siteNumber", "plantNumber";

May,09,2021 09:47:46 AM


